2025-05-13 11:42:32 | saikinmirai@gmail.com | Default
2025-05-13 11:42:47 | saikinmirai@gmail.com | asdgagsd
2025-05-13 11:44:46 | saikinmirai@gmail.com | asdgagsd
2025-05-13 11:46:33 | saikinmirai@gmail.com | asdgagsd
2025-05-13 11:47:20 | saikinmirai@gmail.com | asdgagsd
2025-05-13 11:48:42 | saikinmirai@gmail.com | asdgagsd
2025-05-13 11:49:19 | saikinmirai@gmail.com | asdgagsd
2025-05-13 11:50:43 | saikinmirai@gmail.com | asdgagsd
2025-05-13 11:54:30 | saikinmirai@gmail.com | asdgagsd
2025-05-13 11:55:47 | saikinmirai@gmail.com | asdgagsd
2025-05-13 11:56:05 | saikinmirai@gmail.com | asdgagsd
2025-05-13 11:56:28 | saikinmirai@gmail.com | asdgagsd
2025-05-13 11:58:42 | saikinmirai@gmail.com | asdgagsd
2025-05-13 11:59:52 | saikinmirai@gmail.com | asdgagsd
2025-05-13 12:00:33 | saikinmirai@gmail.com | asdgagsd
2025-05-13 12:03:22 | saikinmirai@gmail.com | asdgagsd
2025-05-13 12:08:38 | saikinmirai@gmail.com | asdgagsd
2025-05-13 12:10:38 | saikinmirai@gmail.com | asdgagsd
2025-05-13 12:11:44 | saikinmirai@gmail.com | asdgagsd
2025-05-13 12:12:10 | saikinmirai@gmail.com | asdgagsd
2025-05-13 12:12:56 | saikinmirai@gmail.com | asdgagsd
2025-05-13 12:15:21 | saikinmirai@gmail.com | asdgagsd
2025-05-13 12:17:52 | saikinmirai@gmail.com | asdgagsd
2025-05-13 12:18:07 | saikinmirai@gmail.com | asdgagsd
2025-05-13 12:18:54 | saikinmirai@gmail.com | asdgagsd
2025-05-13 12:24:54 | saikinmirai@gmail.com | asdgagsd
2025-05-13 12:26:50 | email@email.email | Sub
2025-05-13 12:38:25 | asdf@sdf.sdf | asdf
2025-05-13 12:39:03 | test@email.ru | qq
2025-05-13 12:42:12 | contact@email.ru | asdf
2025-05-13 12:53:29 | contact@email.ru | asdf
2025-05-13 13:00:05 | best@email.com | asdfg
2025-05-13 13:08:05 | best@email.com | asdfg
2025-05-13 13:09:10 | best@email.com | asdfg
2025-05-13 13:09:31 | best@email.com | asdfg
2025-05-13 13:09:48 | another@mail.ru | asasdf
2025-05-13 13:23:31 | another@mail.ru | asasdf
2025-05-13 13:27:34 | test@test.by | te
